c:\dev\c-c++\entrainement_introduction_c++\x64\debug\vc143.pdb
c:\dev\c-c++\entrainement_introduction_c++\x64\debug\vc143.idb
c:\dev\c-c++\entrainement_introduction_c++\x64\debug\entrainement_introduction_c++.obj
c:\dev\c-c++\entrainement_introduction_c++\x64\debug\entrainement_introduction_c++.pdb
c:\dev\c-c++\entrainement_introduction_c++\x64\debug\entraine.a66861ad.tlog\cl.command.1.tlog
c:\dev\c-c++\entrainement_introduction_c++\x64\debug\entraine.a66861ad.tlog\cl.items.tlog
c:\dev\c-c++\entrainement_introduction_c++\x64\debug\entraine.a66861ad.tlog\cl.read.1.tlog
c:\dev\c-c++\entrainement_introduction_c++\x64\debug\entraine.a66861ad.tlog\cl.write.1.tlog
c:\dev\c-c++\entrainement_introduction_c++\x64\debug\entraine.a66861ad.tlog\link-cvtres.read.1.tlog
c:\dev\c-c++\entrainement_introduction_c++\x64\debug\entraine.a66861ad.tlog\link-cvtres.write.1.tlog
c:\dev\c-c++\entrainement_introduction_c++\x64\debug\entraine.a66861ad.tlog\link-rc.read.1.tlog
c:\dev\c-c++\entrainement_introduction_c++\x64\debug\entraine.a66861ad.tlog\link-rc.write.1.tlog
c:\dev\c-c++\entrainement_introduction_c++\x64\debug\entraine.a66861ad.tlog\link.19752-cvtres.read.1.tlog
c:\dev\c-c++\entrainement_introduction_c++\x64\debug\entraine.a66861ad.tlog\link.19752-cvtres.write.1.tlog
c:\dev\c-c++\entrainement_introduction_c++\x64\debug\entraine.a66861ad.tlog\link.19752-rc.read.1.tlog
c:\dev\c-c++\entrainement_introduction_c++\x64\debug\entraine.a66861ad.tlog\link.19752-rc.write.1.tlog
c:\dev\c-c++\entrainement_introduction_c++\x64\debug\entraine.a66861ad.tlog\link.19752.read.1.tlog
c:\dev\c-c++\entrainement_introduction_c++\x64\debug\entraine.a66861ad.tlog\link.19752.read.2.tlog
c:\dev\c-c++\entrainement_introduction_c++\x64\debug\entraine.a66861ad.tlog\link.19752.write.1.tlog
c:\dev\c-c++\entrainement_introduction_c++\x64\debug\entraine.a66861ad.tlog\link.command.1.tlog
c:\dev\c-c++\entrainement_introduction_c++\x64\debug\entraine.a66861ad.tlog\link.read.1.tlog
c:\dev\c-c++\entrainement_introduction_c++\x64\debug\entraine.a66861ad.tlog\link.read.2.tlog
c:\dev\c-c++\entrainement_introduction_c++\x64\debug\entraine.a66861ad.tlog\link.write.1.tlog
